<?xml version="1.0" encoding="UTF-8"?>
<!-- Generated by org.testng.reporters.JUnitXMLReporter -->
<testsuite hostname="rakeshs-MacBook-Air.local" ignored="0" name="Default test" tests="6" failures="0" timestamp="24 Nov 2018 16:07:22 GMT" time="63.216" errors="0">
  <testcase name="loginTest" time="7.44" classname="com.qa.test.LoginPageTest"/>
  <testcase name="featureLinkTest" time="7.012" classname="com.qa.test.LoginPageTest"/>
  <testcase name="pricingLinkTest" time="1.772" classname="com.qa.test.LoginPageTest"/>
  <testcase name="customersLinkTest" time="3.469" classname="com.qa.test.LoginPageTest"/>
  <testcase name="contactLinkTest" time="1.441" classname="com.qa.test.LoginPageTest"/>
  <testcase name="supportLinkTest" time="4.427" classname="com.qa.test.LoginPageTest"/>
</testsuite> <!-- Default test -->
